INFO:pyppeteer.launcher:Browser listening on: ws://127.0.0.1:54225/devtools/browser/80974066-0349-4b0f-9809-9514145311c2
INFO:root:2022-07-23 12:41:14.381932 Подключение к серверу: True
INFO:root:2022-07-23 12:41:23.025949 AUDCAD -> long: -5.0 short: -11.0
INFO:root:2022-07-23 12:41:23.049303 AUDCHF -> long: -12.0 short: -6.0
INFO:root:2022-07-23 12:41:23.072196 AUDJPY -> long: -14.9 short: -8.6
INFO:root:2022-07-23 12:41:23.096227 AUDNZD -> long: -5.0 short: -12.0
INFO:root:2022-07-23 12:41:23.119638 AUDSGD -> long: -1.0 short: 6.0
INFO:root:2022-07-23 12:41:23.194602 AUDUSD -> long: -2.0 short: 6.0
INFO:root:2022-07-23 12:41:23.217999 CADCHF -> long: -20.0 short: -13.0
INFO:root:2022-07-23 12:41:23.241265 CADJPY -> long: -26.8 short: -18.2
INFO:root:2022-07-23 12:41:23.268226 CHFJPY -> long: -1.6 short: 4.3
INFO:root:2022-07-23 12:41:23.291222 CHFSGD -> long: -16.0 short: -30.0
INFO:root:2022-07-23 12:41:23.313522 EURAUD -> long: -17.0 short: -30.0
INFO:root:2022-07-23 12:41:23.337572 EURCAD -> long: -25.0 short: -39.0
INFO:root:2022-07-23 12:41:23.361227 EURCHF -> long: -1.0 short: 6.0
INFO:root:2022-07-23 12:41:23.382267 EURDKK -> long: -4.0 short: 36.0
INFO:root:2022-07-23 12:41:23.406735 EURGBP -> long: -8.0 short: -17.0
INFO:root:2022-07-23 12:41:23.430241 EURHKD -> long: -60.0 short: -127.0
INFO:root:2022-07-23 12:41:23.456193 EURJPY -> long: -1.6 short: -8.7
INFO:root:2022-07-23 12:41:23.480042 EURNOK -> long: -110.0 short: -185.0
INFO:root:2022-07-23 12:41:23.506605 EURNZD -> long: -31.0 short: -47.0
INFO:root:2022-07-23 12:41:23.529784 EURPLN -> long: -251.0 short: -334.0
INFO:root:2022-07-23 12:41:23.561393 EURSEK -> long: -64.0 short: -135.0
INFO:root:2022-07-23 12:41:23.592055 EURSGD -> long: -18.0 short: -34.0
INFO:root:2022-07-23 12:41:23.618081 EURTRY -> long: -2196.0 short: -2888.0
INFO:root:2022-07-23 12:41:23.640102 EURUSD -> long: -14.0 short: -23.0
INFO:root:2022-07-23 12:41:23.663050 EURZAR -> long: -783.0 short: -1173.0
INFO:root:2022-07-23 12:41:23.687026 GBPAUD -> long: -6.0 short: 10.0
INFO:root:2022-07-23 12:41:23.710087 GBPCAD -> long: -8.0 short: -24.0
INFO:root:2022-07-23 12:41:23.733091 GBPCHF -> long: -22.0 short: -7.0
INFO:root:2022-07-23 12:41:23.764622 GBPJPY -> long: -26.3 short: -11.5
INFO:root:2022-07-23 12:41:23.788267 GBPDKK -> long: -158.0 short: -69.0
INFO:root:2022-07-23 12:41:23.811248 GBPNOK -> long: -48.0 short: 44.0
INFO:root:2022-07-23 12:41:23.834359 GBPNZD -> long: -8.0 short: -27.0
INFO:root:2022-07-23 12:41:23.858543 GBPSEK -> long: -120.0 short: -16.0
INFO:root:2022-07-23 12:41:23.881499 GBPSGD -> long: 0.0 short: 14.0
INFO:root:2022-07-23 12:41:23.906591 GBPUSD -> long: -1.0 short: -8.0
INFO:root:2022-07-23 12:41:23.930100 NOKJPY -> long: -2.0 short: -1.1
INFO:root:2022-07-23 12:41:23.952007 NOKSEK -> long: -9.0 short: -2.0
INFO:root:2022-07-23 12:41:23.977599 NZDCAD -> long: -1.0 short: 3.0
INFO:root:2022-07-23 12:41:24.001222 NZDCHF -> long: -16.0 short: -10.0
INFO:root:2022-07-23 12:41:24.026293 NZDJPY -> long: -20.7 short: -13.6
INFO:root:2022-07-23 12:41:24.049782 NZDUSD -> long: -6.0 short: -1.0
INFO:root:2022-07-23 12:41:24.071723 SEKJPY -> long: -1.2 short: -0.5
INFO:root:2022-07-23 12:41:24.096656 SGDJPY -> long: -19.3 short: -10.6
INFO:root:2022-07-23 12:41:24.122764 USDCAD -> long: -2.0 short: -5.0
INFO:root:2022-07-23 12:41:24.148659 USDCHF -> long: -19.0 short: -11.0
INFO:root:2022-07-23 12:41:24.174701 USDCNH -> long: -19.0 short: 20.0
INFO:root:2022-07-23 12:41:24.198187 USDCZK -> long: -82.9 short: -120.7
INFO:root:2022-07-23 12:41:24.250905 USDDKK -> long: -144.0 short: -89.0
INFO:root:2022-07-23 12:41:24.282059 USDHUF -> long: -189.1 short: -253.5
INFO:root:2022-07-23 12:41:24.312095 USDHKD -> long: -78.0 short: -26.0
INFO:root:2022-07-23 12:41:24.358056 USDJPY -> long: -25.7 short: -14.4
INFO:root:2022-07-23 12:41:24.385129 USDNOK -> long: -60.0 short: -12.0
INFO:root:2022-07-23 12:41:24.420869 USDMXN -> long: -1003.0 short: -1482.0
INFO:root:2022-07-23 12:41:24.461792 USDPLN -> long: -172.0 short: -232.0
INFO:root:2022-07-23 12:41:24.493308 USDSEK -> long: -120.0 short: -58.0
INFO:root:2022-07-23 12:41:24.518241 USDTRY -> long: -527.0 short: -766.0
INFO:root:2022-07-23 12:41:24.542066 USDTHB -> long: -472.0 short: 2122.0
INFO:root:2022-07-23 12:41:24.564413 USDSGD -> long: -4.0 short: 6.0
INFO:root:2022-07-23 12:41:24.588147 USDZAR -> long: -502.0 short: -805.0
INFO:root:2022-07-23 12:41:24.613268 XAGEUR -> long: -2.7 short: -0.8
INFO:root:2022-07-23 12:41:24.637203 XAUEUR -> long: -13.5 short: -2.8
INFO:root:2022-07-23 12:41:24.663132 XBRUSD -> long: -31.9 short: -23.4
INFO:root:2022-07-23 12:41:24.692605 XPTUSD -> long: -12.2 short: 19.7
INFO:root:2022-07-23 12:41:24.730081 XTIUSD -> long: -26.4 short: -15.3
INFO:root:2022-07-23 12:41:24.760555 XAGUSD -> long: -0.7 short: -2.2
INFO:root:2022-07-23 12:41:24.791383 XAUUSD -> long: -17.1 short: -29.7
INFO:root:2022-07-23 12:41:24.824111 GBPTRY -> long: -2016.0 short: -2888.0
INFO:root:2022-07-23 12:41:24.849388 XAGAUD -> long: -0.4 short: -3.3
INFO:root:2022-07-23 12:41:24.874324 XAUAUD -> long: -18.7 short: -37.5
INFO:root:2022-07-23 12:41:24.902249 XAUCHF -> long: -9.1 short: 2.0
INFO:root:2022-07-23 12:41:24.928706 XAUGBP -> long: -9.4 short: -19.7
INFO:root:2022-07-23 12:41:24.952641 XAUJPY -> long: -3.5 short: 3.5
INFO:root:2022-07-23 12:41:24.980317 XPDUSD -> long: -11.1 short: -27.7
INFO:pyppeteer.launcher:terminate chrome process...
