INFO:pyppeteer.launcher:Browser listening on: ws://127.0.0.1:57192/devtools/browser/77c6020e-117f-450d-852a-57b1c5d8a113
INFO:root:2022-07-25 12:16:56.315545 Подключение к серверу: True
INFO:root:2022-07-25 12:17:01.711255 AUDCAD -> long: -0.5 short: -1.1 -> OK
INFO:root:2022-07-25 12:17:01.789547 AUDCHF -> long: -1.2 short: -0.6 -> OK
INFO:root:2022-07-25 12:17:01.858055 AUDJPY -> long: -1.5 short: -0.9 -> OK
INFO:root:2022-07-25 12:17:01.952296 AUDNZD -> long: -0.5 short: -1.2 -> OK
INFO:root:2022-07-25 12:17:02.029504 AUDSGD -> long: -0.2 short: 0.5 -> OK
INFO:root:2022-07-25 12:17:02.104167 AUDUSD -> long: -0.4 short: 0.4 -> OK
INFO:root:2022-07-25 12:17:02.177388 CADCHF -> long: -2.0 short: -1.3 -> OK
INFO:root:2022-07-25 12:17:02.243794 CADJPY -> long: -2.7 short: -1.8 -> OK
INFO:root:2022-07-25 12:17:02.316855 CHFJPY -> long: -0.4 short: 0.2 -> OK
INFO:root:2022-07-25 12:17:02.380746 CHFSGD -> long: -1.6 short: -3.0 -> OK
INFO:root:2022-07-25 12:17:02.458947 EURAUD -> long: -1.7 short: -3.0 -> OK
INFO:root:2022-07-25 12:17:02.525530 EURCAD -> long: -2.5 short: -3.9 -> OK
INFO:root:2022-07-25 12:17:02.588785 EURCHF -> long: -0.2 short: 0.5 -> OK
INFO:root:2022-07-25 12:17:02.655051 EURDKK -> long: -0.8 short: 3.2 -> OK
INFO:root:2022-07-25 12:17:02.718465 EURGBP -> long: -0.8 short: -1.7 -> OK
INFO:root:2022-07-25 12:17:02.797970 EURHKD -> long: -6.0 short: -12.7 -> OK
INFO:root:2022-07-25 12:17:02.861838 EURJPY -> long: -0.2 short: -0.9 -> OK
INFO:root:2022-07-25 12:17:02.940205 EURNOK -> long: -11.0 short: -18.5 -> OK
INFO:root:2022-07-25 12:17:03.016832 EURNZD -> long: -3.1 short: -4.7 -> OK
INFO:root:2022-07-25 12:17:03.095545 EURPLN -> long: -25.1 short: -33.4 -> OK
INFO:root:2022-07-25 12:17:03.189677 EURSEK -> long: -6.4 short: -13.5 -> OK
INFO:root:2022-07-25 12:17:03.295815 EURSGD -> long: -1.8 short: -3.4 -> OK
INFO:root:2022-07-25 12:17:03.395080 EURTRY -> long: -219.6 short: -288.8 -> OK
INFO:root:2022-07-25 12:17:03.477336 EURUSD -> long: -1.4 short: -2.3 -> OK
INFO:root:2022-07-25 12:17:03.550701 EURZAR -> long: -78.3 short: -117.3 -> OK
INFO:root:2022-07-25 12:17:03.624297 GBPAUD -> long: -1.2 short: 0.4 -> OK
INFO:root:2022-07-25 12:17:03.690602 GBPCAD -> long: -0.8 short: -2.4 -> OK
INFO:root:2022-07-25 12:17:03.794594 GBPCHF -> long: -2.2 short: -0.7 -> OK
INFO:root:2022-07-25 12:17:03.862440 GBPJPY -> long: -2.6 short: -1.1 -> OK
INFO:root:2022-07-25 12:17:03.934309 GBPDKK -> long: -15.8 short: -6.9 -> OK
INFO:root:2022-07-25 12:17:03.998287 GBPNOK -> long: -9.6 short: -0.4 -> OK
INFO:root:2022-07-25 12:17:04.080704 GBPNZD -> long: -0.8 short: -2.7 -> OK
INFO:root:2022-07-25 12:17:04.146565 GBPSEK -> long: -12.0 short: -1.6 -> OK
INFO:root:2022-07-25 12:17:04.226530 GBPSGD -> long: -0.1 short: 1.4 -> OK
INFO:root:2022-07-25 12:17:04.291335 GBPUSD -> long: -0.1 short: -0.8 -> OK
INFO:root:2022-07-25 12:17:04.377344 NOKJPY -> long: -0.2 short: -0.1 -> OK
INFO:root:2022-07-25 12:17:04.441342 NOKSEK -> long: -0.9 short: -0.2 -> OK
INFO:root:2022-07-25 12:17:04.505719 NZDCAD -> long: -0.2 short: 0.2 -> OK
INFO:root:2022-07-25 12:17:04.570101 NZDCHF -> long: -1.6 short: -1.0 -> OK
INFO:root:2022-07-25 12:17:04.635335 NZDJPY -> long: -2.1 short: -1.4 -> OK
INFO:root:2022-07-25 12:17:04.700710 NZDUSD -> long: -0.6 short: -0.1 -> OK
INFO:root:2022-07-25 12:17:04.764117 SEKJPY -> long: -0.1 short: -0.1 -> OK
INFO:root:2022-07-25 12:17:04.833036 SGDJPY -> long: -1.9 short: -1.1 -> OK
INFO:root:2022-07-25 12:17:04.896751 USDCAD -> long: -0.2 short: -0.5 -> OK
INFO:root:2022-07-25 12:17:04.963013 USDCHF -> long: -1.9 short: -1.1 -> OK
INFO:root:2022-07-25 12:17:05.028831 USDCNH -> long: -3.8 short: 0.1 -> OK
INFO:root:2022-07-25 12:17:05.124943 USDCZK -> long: -8.3 short: -12.1 -> OK
INFO:root:2022-07-25 12:17:05.200526 USDDKK -> long: -14.4 short: -8.9 -> OK
INFO:root:2022-07-25 12:17:05.278140 USDHUF -> long: -18.9 short: -25.3 -> OK
INFO:root:2022-07-25 12:17:05.354621 USDHKD -> long: -7.8 short: -2.6 -> OK
INFO:root:2022-07-25 12:17:05.447618 USDJPY -> long: -2.6 short: -1.4 -> OK
INFO:root:2022-07-25 12:17:05.538490 USDNOK -> long: -6.0 short: -1.2 -> OK
INFO:root:2022-07-25 12:17:05.608006 USDMXN -> long: -100.3 short: -148.2 -> OK
INFO:root:2022-07-25 12:17:05.715337 USDPLN -> long: -17.2 short: -23.2 -> OK
INFO:root:2022-07-25 12:17:05.789137 USDSEK -> long: -12.0 short: -5.8 -> OK
INFO:root:2022-07-25 12:17:05.870268 USDTRY -> long: -52.7 short: -76.6 -> OK
INFO:root:2022-07-25 12:17:05.933081 USDTHB -> long: -94.4 short: 165.0 -> OK
INFO:root:2022-07-25 12:17:06.008607 USDSGD -> long: -0.8 short: 0.2 -> OK
INFO:root:2022-07-25 12:17:06.077198 USDZAR -> long: -50.2 short: -80.5 -> OK
INFO:root:2022-07-25 12:17:06.155252 XAGEUR -> long: -0.3 short: -0.1 -> OK
INFO:root:2022-07-25 12:17:06.219765 XAUEUR -> long: -1.3 short: -0.3 -> OK
INFO:root:2022-07-25 12:17:06.288270 XBRUSD -> long: -3.2 short: -2.3 -> OK
INFO:root:2022-07-25 12:17:06.351190 XPTUSD -> long: -2.4 short: 0.8 -> OK
INFO:root:2022-07-25 12:17:06.426559 XTIUSD -> long: -2.6 short: -1.5 -> OK
INFO:root:2022-07-25 12:17:06.493382 XAGUSD -> long: -0.1 short: -0.2 -> OK
INFO:root:2022-07-25 12:17:06.575388 XAUUSD -> long: -1.7 short: -3.0 -> OK
INFO:root:2022-07-25 12:17:06.638102 GBPTRY -> long: -201.6 short: -288.8 -> OK
INFO:root:2022-07-25 12:17:06.721962 XAGAUD -> long: -0.1 short: 0.3 -> OK
INFO:root:2022-07-25 12:17:06.787498 XAUAUD -> long: -1.9 short: -3.7 -> OK
INFO:root:2022-07-25 12:17:06.871001 XAUCHF -> long: -1.8 short: -0.7 -> OK
INFO:root:2022-07-25 12:17:06.940606 XAUGBP -> long: -0.9 short: -2.0 -> OK
INFO:root:2022-07-25 12:17:07.004015 XAUJPY -> long: -0.6 short: -0.1 -> OK
INFO:root:2022-07-25 12:17:07.068414 XPDUSD -> long: -1.1 short: -2.8 -> OK
INFO:pyppeteer.launcher:terminate chrome process...
